<?xml version="1.0" encoding="UTF-8"?>
<!-- Generated by org.testng.reporters.JUnitReportReporter -->
<testsuite hostname="LTIN384944" failures="0" tests="1" name="testAPIMethods.Assignment_GetAllEmployees" time="1.867" errors="0" timestamp="2022-11-18T13:40:34 IST" skipped="0">
  <testcase classname="testAPIMethods.Assignment_GetAllEmployees" name="GetAllEmployees" time="1.867"/>
  <system-out/>
</testsuite> <!-- testAPIMethods.Assignment_GetAllEmployees -->
