<?xml version="1.0" encoding="UTF-8"?>
<!-- Generated by org.testng.reporters.JUnitReportReporter -->
<testsuite hostname="LTIN384944" failures="0" tests="1" name="testAPIMethods.Assignment_Put" time="0.733" errors="0" timestamp="2022-11-18T13:40:34 IST" skipped="0">
  <testcase classname="testAPIMethods.Assignment_Put" name="putDetails" time="0.733"/>
  <system-out/>
</testsuite> <!-- testAPIMethods.Assignment_Put -->
