<?xml version="1.0" encoding="UTF-8"?>
<!-- Generated by org.testng.reporters.JUnitReportReporter -->
<testsuite hostname="LTIN384944" failures="0" tests="1" name="testAPIMethods.Assignment_Patch" time="0.799" errors="0" timestamp="2022-11-18T13:40:34 IST" skipped="0">
  <testcase classname="testAPIMethods.Assignment_Patch" name="patchDetails" time="0.799"/>
  <system-out/>
</testsuite> <!-- testAPIMethods.Assignment_Patch -->
